++++++++++++++++ madelon ++++++++++++++++++++
10
1501390588529, Data Owners encrypt starts..
1501390802758, Data Owners encrypt ends..
1501390802758, Proxy parallel aggregation start...
1501390805286, Proxy parallel aggregation end...
1501390805286, Data User decryption starts..
1501390827467, Data User decryption ends..
========================
1501390827472, Private Global PCA starts..
1501390835258, Private Global PCA ends..
------------------------
30
1501390835878, Data Owners encrypt starts..
1501391440126, Data Owners encrypt ends..
1501391440126, Proxy parallel aggregation start...
1501391445000, Proxy parallel aggregation end...
1501391445000, Data User decryption starts..
1501391467026, Data User decryption ends..
========================
1501391467031, Private Global PCA starts..
1501391488291, Private Global PCA ends..
------------------------
50
1501391488914, Data Owners encrypt starts..
1501392443024, Data Owners encrypt ends..
1501392443024, Proxy parallel aggregation start...
1501392449816, Proxy parallel aggregation end...
1501392449816, Data User decryption starts..
1501392469840, Data User decryption ends..
========================
1501392469845, Private Global PCA starts..
1501392505355, Private Global PCA ends..
------------------------
70
1501392505984, Data Owners encrypt starts..
1501393874623, Data Owners encrypt ends..
1501393874623, Proxy parallel aggregation start...
1501393883909, Proxy parallel aggregation end...
1501393883909, Data User decryption starts..
1501393905377, Data User decryption ends..
========================
1501393905382, Private Global PCA starts..
1501393954581, Private Global PCA ends..
------------------------
90
1501393955208, Data Owners encrypt starts..
1501395709634, Data Owners encrypt ends..
1501395709634, Proxy parallel aggregation start...
1501395729584, Proxy parallel aggregation end...
1501395729584, Data User decryption starts..
1501395750848, Data User decryption ends..
========================
1501395750853, Private Global PCA starts..
1501395813897, Private Global PCA ends..
------------------------
110
1501395814528, Data Owners encrypt starts..
1501397885124, Data Owners encrypt ends..
1501397885124, Proxy parallel aggregation start...
1501397899792, Proxy parallel aggregation end...
1501397899792, Data User decryption starts..
1501397919236, Data User decryption ends..
========================
1501397919241, Private Global PCA starts..
1501397996439, Private Global PCA ends..
------------------------
130
1501397997062, Data Owners encrypt starts..
1501400457832, Data Owners encrypt ends..
1501400457832, Proxy parallel aggregation start...
1501400475007, Proxy parallel aggregation end...
1501400475007, Data User decryption starts..
1501400494748, Data User decryption ends..
========================
1501400494753, Private Global PCA starts..
1501400586468, Private Global PCA ends..
------------------------
150
1501400587090, Data Owners encrypt starts..
1501403481091, Data Owners encrypt ends..
1501403481091, Proxy parallel aggregation start...
1501403500103, Proxy parallel aggregation end...
1501403500103, Data User decryption starts..
1501403520942, Data User decryption ends..
========================
1501403520947, Private Global PCA starts..
1501403625734, Private Global PCA ends..
------------------------
170
1501403626359, Data Owners encrypt starts..
1501407028798, Data Owners encrypt ends..
1501407028798, Proxy parallel aggregation start...
1501407050244, Proxy parallel aggregation end...
1501407050244, Data User decryption starts..
1501407072009, Data User decryption ends..
========================
1501407072014, Private Global PCA starts..
1501407190982, Private Global PCA ends..
------------------------
190
1501407191609, Data Owners encrypt starts..
1501410791082, Data Owners encrypt ends..
1501410791082, Proxy parallel aggregation start...
1501410814303, Proxy parallel aggregation end...
1501410814303, Data User decryption starts..
1501410833894, Data User decryption ends..
========================
1501410833898, Private Global PCA starts..
1501410966671, Private Global PCA ends..
------------------------
10
1501410967581, Data Owners encrypt starts..
1501411170795, Data Owners encrypt ends..
1501411170795, Proxy parallel aggregation start...
1501411173102, Proxy parallel aggregation end...
1501411173102, Data User decryption starts..
1501411195130, Data User decryption ends..
========================
1501411195135, Private Global PCA starts..
1501411202913, Private Global PCA ends..
------------------------
30
1501411203527, Data Owners encrypt starts..
1501411780340, Data Owners encrypt ends..
1501411780340, Proxy parallel aggregation start...
1501411787087, Proxy parallel aggregation end...
1501411787087, Data User decryption starts..
1501411808259, Data User decryption ends..
========================
1501411808264, Private Global PCA starts..
1501411829751, Private Global PCA ends..
------------------------
50
1501411830374, Data Owners encrypt starts..
1501412840352, Data Owners encrypt ends..
1501412840352, Proxy parallel aggregation start...
1501412849441, Proxy parallel aggregation end...
1501412849441, Data User decryption starts..
1501412871370, Data User decryption ends..
========================
1501412871375, Private Global PCA starts..
1501412906747, Private Global PCA ends..
------------------------
70
1501412907368, Data Owners encrypt starts..
1501414328885, Data Owners encrypt ends..
1501414328885, Proxy parallel aggregation start...
1501414342435, Proxy parallel aggregation end...
1501414342435, Data User decryption starts..
1501414365286, Data User decryption ends..
========================
1501414365291, Private Global PCA starts..
1501414431659, Private Global PCA ends..
------------------------
90
1501414432325, Data Owners encrypt starts..
1501416334146, Data Owners encrypt ends..
1501416334146, Proxy parallel aggregation start...
1501416350469, Proxy parallel aggregation end...
1501416350469, Data User decryption starts..
1501416373809, Data User decryption ends..
========================
1501416373814, Private Global PCA starts..
1501416455291, Private Global PCA ends..
------------------------
110
1501416455973, Data Owners encrypt starts..
1501418759477, Data Owners encrypt ends..
1501418759477, Proxy parallel aggregation start...
1501418776695, Proxy parallel aggregation end...
1501418776695, Data User decryption starts..
1501418797319, Data User decryption ends..
========================
1501418797323, Private Global PCA starts..
1501418900083, Private Global PCA ends..
------------------------
130
1501418900760, Data Owners encrypt starts..
1501421561933, Data Owners encrypt ends..
1501421561933, Proxy parallel aggregation start...
1501421578422, Proxy parallel aggregation end...
1501421578422, Data User decryption starts..
1501421600208, Data User decryption ends..
========================
1501421600213, Private Global PCA starts..
1501421691414, Private Global PCA ends..
------------------------
150
1501421692047, Data Owners encrypt starts..
1501424838862, Data Owners encrypt ends..
1501424838862, Proxy parallel aggregation start...
1501424864678, Proxy parallel aggregation end...
1501424864678, Data User decryption starts..
1501424887687, Data User decryption ends..
========================
1501424887691, Private Global PCA starts..
1501425029277, Private Global PCA ends..
------------------------
170
1501425029957, Data Owners encrypt starts..
1501428412175, Data Owners encrypt ends..
1501428412175, Proxy parallel aggregation start...
1501428440248, Proxy parallel aggregation end...
1501428440248, Data User decryption starts..
1501428461327, Data User decryption ends..
========================
1501428461332, Private Global PCA starts..
1501428612177, Private Global PCA ends..
------------------------
190
1501428612936, Data Owners encrypt starts..
1501432709546, Data Owners encrypt ends..
1501432709546, Proxy parallel aggregation start...
