++++++++++++++++ diabetes ++++++++++++++++++++
10
1501219488167, Data Owners encrypt starts..
1501219488234, Data Owners encrypt ends..
1501219488234, Proxy parallel aggregation start...
1501219488265, Proxy parallel aggregation end...
1501219488265, Data User decryption starts..
1501219488272, Data User decryption ends..
========================
1501219488272, Private Global PCA starts..
1501219488290, Private Global PCA ends..
------------------------
30
1501219488309, Data Owners encrypt starts..
1501219488502, Data Owners encrypt ends..
1501219488502, Proxy parallel aggregation start...
1501219488538, Proxy parallel aggregation end...
1501219488538, Data User decryption starts..
1501219488545, Data User decryption ends..
========================
1501219488545, Private Global PCA starts..
1501219488587, Private Global PCA ends..
------------------------
50
1501219488608, Data Owners encrypt starts..
1501219488941, Data Owners encrypt ends..
1501219488941, Proxy parallel aggregation start...
1501219488981, Proxy parallel aggregation end...
1501219488981, Data User decryption starts..
1501219488987, Data User decryption ends..
========================
1501219488987, Private Global PCA starts..
1501219489047, Private Global PCA ends..
------------------------
70
1501219489069, Data Owners encrypt starts..
1501219489514, Data Owners encrypt ends..
1501219489514, Proxy parallel aggregation start...
1501219489553, Proxy parallel aggregation end...
1501219489553, Data User decryption starts..
1501219489559, Data User decryption ends..
========================
1501219489559, Private Global PCA starts..
1501219489642, Private Global PCA ends..
------------------------
90
1501219489664, Data Owners encrypt starts..
1501219490217, Data Owners encrypt ends..
1501219490217, Proxy parallel aggregation start...
1501219490276, Proxy parallel aggregation end...
1501219490276, Data User decryption starts..
1501219490285, Data User decryption ends..
========================
1501219490285, Private Global PCA starts..
1501219490413, Private Global PCA ends..
------------------------
110
1501219490435, Data Owners encrypt starts..
1501219491054, Data Owners encrypt ends..
1501219491054, Proxy parallel aggregation start...
1501219491115, Proxy parallel aggregation end...
1501219491115, Data User decryption starts..
1501219491124, Data User decryption ends..
========================
1501219491124, Private Global PCA starts..
1501219491276, Private Global PCA ends..
------------------------
130
1501219491300, Data Owners encrypt starts..
1501219492200, Data Owners encrypt ends..
1501219492200, Proxy parallel aggregation start...
1501219492270, Proxy parallel aggregation end...
1501219492270, Data User decryption starts..
1501219492277, Data User decryption ends..
========================
1501219492278, Private Global PCA starts..
1501219492443, Private Global PCA ends..
------------------------
150
1501219492471, Data Owners encrypt starts..
1501219493364, Data Owners encrypt ends..
1501219493364, Proxy parallel aggregation start...
1501219493446, Proxy parallel aggregation end...
1501219493446, Data User decryption starts..
1501219493460, Data User decryption ends..
========================
1501219493460, Private Global PCA starts..
1501219493746, Private Global PCA ends..
------------------------
170
1501219493776, Data Owners encrypt starts..
1501219494853, Data Owners encrypt ends..
1501219494853, Proxy parallel aggregation start...
1501219494942, Proxy parallel aggregation end...
1501219494942, Data User decryption starts..
1501219494952, Data User decryption ends..
========================
1501219494952, Private Global PCA starts..
1501219495178, Private Global PCA ends..
------------------------
190
1501219495205, Data Owners encrypt starts..
1501219496260, Data Owners encrypt ends..
1501219496260, Proxy parallel aggregation start...
1501219496347, Proxy parallel aggregation end...
1501219496347, Data User decryption starts..
1501219496358, Data User decryption ends..
========================
1501219496358, Private Global PCA starts..
1501219496675, Private Global PCA ends..
------------------------
10
1501219496726, Data Owners encrypt starts..
1501219496792, Data Owners encrypt ends..
1501219496792, Proxy parallel aggregation start...
1501219496822, Proxy parallel aggregation end...
1501219496822, Data User decryption starts..
1501219496828, Data User decryption ends..
========================
1501219496828, Private Global PCA starts..
1501219496846, Private Global PCA ends..
------------------------
30
1501219496866, Data Owners encrypt starts..
1501219497130, Data Owners encrypt ends..
1501219497130, Proxy parallel aggregation start...
1501219497166, Proxy parallel aggregation end...
1501219497166, Data User decryption starts..
1501219497173, Data User decryption ends..
========================
1501219497173, Private Global PCA starts..
1501219497214, Private Global PCA ends..
------------------------
50
1501219497235, Data Owners encrypt starts..
1501219497576, Data Owners encrypt ends..
1501219497576, Proxy parallel aggregation start...
1501219497621, Proxy parallel aggregation end...
1501219497621, Data User decryption starts..
1501219497627, Data User decryption ends..
========================
1501219497628, Private Global PCA starts..
1501219497696, Private Global PCA ends..
------------------------
70
1501219497720, Data Owners encrypt starts..
1501219498167, Data Owners encrypt ends..
1501219498167, Proxy parallel aggregation start...
1501219498214, Proxy parallel aggregation end...
1501219498214, Data User decryption starts..
1501219498221, Data User decryption ends..
========================
1501219498221, Private Global PCA starts..
1501219498307, Private Global PCA ends..
------------------------
90
1501219498329, Data Owners encrypt starts..
1501219498854, Data Owners encrypt ends..
1501219498854, Proxy parallel aggregation start...
1501219498912, Proxy parallel aggregation end...
1501219498912, Data User decryption starts..
1501219498921, Data User decryption ends..
========================
1501219498921, Private Global PCA starts..
1501219499046, Private Global PCA ends..
------------------------
110
1501219499090, Data Owners encrypt starts..
1501219499877, Data Owners encrypt ends..
1501219499877, Proxy parallel aggregation start...
1501219499939, Proxy parallel aggregation end...
1501219499939, Data User decryption starts..
1501219499948, Data User decryption ends..
========================
1501219499948, Private Global PCA starts..
1501219500102, Private Global PCA ends..
------------------------
130
1501219500128, Data Owners encrypt starts..
1501219500923, Data Owners encrypt ends..
1501219500923, Proxy parallel aggregation start...
1501219500988, Proxy parallel aggregation end...
1501219500988, Data User decryption starts..
1501219500997, Data User decryption ends..
========================
1501219500997, Private Global PCA starts..
1501219501165, Private Global PCA ends..
------------------------
150
1501219501189, Data Owners encrypt starts..
1501219502090, Data Owners encrypt ends..
1501219502090, Proxy parallel aggregation start...
1501219502163, Proxy parallel aggregation end...
1501219502164, Data User decryption starts..
1501219502176, Data User decryption ends..
========================
1501219502176, Private Global PCA starts..
1501219502470, Private Global PCA ends..
------------------------
170
1501219502500, Data Owners encrypt starts..
1501219503521, Data Owners encrypt ends..
1501219503521, Proxy parallel aggregation start...
1501219503612, Proxy parallel aggregation end...
1501219503612, Data User decryption starts..
1501219503624, Data User decryption ends..
========================
1501219503624, Private Global PCA starts..
1501219503946, Private Global PCA ends..
------------------------
190
1501219503975, Data Owners encrypt starts..
1501219505131, Data Owners encrypt ends..
1501219505131, Proxy parallel aggregation start...
1501219505200, Proxy parallel aggregation end...
1501219505200, Data User decryption starts..
1501219505206, Data User decryption ends..
========================
1501219505206, Private Global PCA starts..
1501219505418, Private Global PCA ends..
------------------------
10
1501219505465, Data Owners encrypt starts..
1501219505528, Data Owners encrypt ends..
1501219505528, Proxy parallel aggregation start...
1501219505555, Proxy parallel aggregation end...
1501219505555, Data User decryption starts..
1501219505561, Data User decryption ends..
========================
1501219505561, Private Global PCA starts..
1501219505578, Private Global PCA ends..
------------------------
30
1501219505596, Data Owners encrypt starts..
1501219505777, Data Owners encrypt ends..
1501219505777, Proxy parallel aggregation start...
1501219505813, Proxy parallel aggregation end...
1501219505813, Data User decryption starts..
1501219505819, Data User decryption ends..
========================
1501219505819, Private Global PCA starts..
1501219505858, Private Global PCA ends..
------------------------
50
1501219505878, Data Owners encrypt starts..
1501219506171, Data Owners encrypt ends..
1501219506171, Proxy parallel aggregation start...
1501219506211, Proxy parallel aggregation end...
1501219506211, Data User decryption starts..
1501219506217, Data User decryption ends..
========================
1501219506218, Private Global PCA starts..
1501219506280, Private Global PCA ends..
------------------------
70
1501219506304, Data Owners encrypt starts..
1501219506714, Data Owners encrypt ends..
1501219506714, Proxy parallel aggregation start...
1501219506756, Proxy parallel aggregation end...
1501219506756, Data User decryption starts..
1501219506762, Data User decryption ends..
========================
1501219506762, Private Global PCA starts..
1501219506848, Private Global PCA ends..
------------------------
90
1501219506871, Data Owners encrypt starts..
1501219507395, Data Owners encrypt ends..
1501219507395, Proxy parallel aggregation start...
1501219507447, Proxy parallel aggregation end...
1501219507447, Data User decryption starts..
1501219507454, Data User decryption ends..
========================
1501219507454, Private Global PCA starts..
1501219507559, Private Global PCA ends..
------------------------
110
1501219507582, Data Owners encrypt starts..
1501219508235, Data Owners encrypt ends..
1501219508235, Proxy parallel aggregation start...
1501219508286, Proxy parallel aggregation end...
1501219508286, Data User decryption starts..
1501219508292, Data User decryption ends..
========================
1501219508292, Private Global PCA starts..
1501219508422, Private Global PCA ends..
------------------------
130
1501219508445, Data Owners encrypt starts..
1501219509320, Data Owners encrypt ends..
1501219509320, Proxy parallel aggregation start...
1501219509384, Proxy parallel aggregation end...
1501219509384, Data User decryption starts..
1501219509399, Data User decryption ends..
========================
1501219509399, Private Global PCA starts..
1501219509669, Private Global PCA ends..
------------------------
150
1501219509698, Data Owners encrypt starts..
1501219510692, Data Owners encrypt ends..
1501219510692, Proxy parallel aggregation start...
1501219510768, Proxy parallel aggregation end...
1501219510768, Data User decryption starts..
1501219510778, Data User decryption ends..
========================
1501219510778, Private Global PCA starts..
1501219510963, Private Global PCA ends..
------------------------
170
1501219510988, Data Owners encrypt starts..
1501219512007, Data Owners encrypt ends..
1501219512007, Proxy parallel aggregation start...
1501219512076, Proxy parallel aggregation end...
1501219512076, Data User decryption starts..
1501219512085, Data User decryption ends..
========================
1501219512085, Private Global PCA starts..
1501219512295, Private Global PCA ends..
------------------------
190
1501219512321, Data Owners encrypt starts..
1501219513464, Data Owners encrypt ends..
1501219513464, Proxy parallel aggregation start...
1501219513555, Proxy parallel aggregation end...
1501219513555, Data User decryption starts..
1501219513566, Data User decryption ends..
========================
1501219513566, Private Global PCA starts..
1501219513811, Private Global PCA ends..
------------------------
10
1501219513861, Data Owners encrypt starts..
1501219513924, Data Owners encrypt ends..
1501219513924, Proxy parallel aggregation start...
1501219513949, Proxy parallel aggregation end...
1501219513950, Data User decryption starts..
1501219513956, Data User decryption ends..
========================
1501219513956, Private Global PCA starts..
1501219513972, Private Global PCA ends..
------------------------
30
1501219513991, Data Owners encrypt starts..
1501219514171, Data Owners encrypt ends..
1501219514171, Proxy parallel aggregation start...
1501219514205, Proxy parallel aggregation end...
1501219514205, Data User decryption starts..
1501219514211, Data User decryption ends..
========================
1501219514211, Private Global PCA starts..
1501219514249, Private Global PCA ends..
------------------------
50
1501219514269, Data Owners encrypt starts..
1501219514556, Data Owners encrypt ends..
1501219514556, Proxy parallel aggregation start...
1501219514598, Proxy parallel aggregation end...
1501219514598, Data User decryption starts..
1501219514604, Data User decryption ends..
========================
1501219514605, Private Global PCA starts..
1501219514666, Private Global PCA ends..
------------------------
70
1501219514688, Data Owners encrypt starts..
1501219515118, Data Owners encrypt ends..
1501219515118, Proxy parallel aggregation start...
1501219515165, Proxy parallel aggregation end...
1501219515165, Data User decryption starts..
1501219515172, Data User decryption ends..
========================
1501219515172, Private Global PCA starts..
1501219515256, Private Global PCA ends..
------------------------
90
1501219515280, Data Owners encrypt starts..
1501219515812, Data Owners encrypt ends..
1501219515812, Proxy parallel aggregation start...
1501219515868, Proxy parallel aggregation end...
1501219515868, Data User decryption starts..
1501219515874, Data User decryption ends..
========================
1501219515874, Private Global PCA starts..
1501219515981, Private Global PCA ends..
------------------------
110
1501219516003, Data Owners encrypt starts..
1501219516640, Data Owners encrypt ends..
1501219516640, Proxy parallel aggregation start...
1501219516706, Proxy parallel aggregation end...
1501219516706, Data User decryption starts..
1501219516714, Data User decryption ends..
========================
1501219516714, Private Global PCA starts..
1501219516869, Private Global PCA ends..
------------------------
130
1501219516894, Data Owners encrypt starts..
1501219517701, Data Owners encrypt ends..
1501219517701, Proxy parallel aggregation start...
1501219517768, Proxy parallel aggregation end...
1501219517768, Data User decryption starts..
1501219517778, Data User decryption ends..
========================
1501219517778, Private Global PCA starts..
1501219517951, Private Global PCA ends..
------------------------
150
1501219517975, Data Owners encrypt starts..
1501219518866, Data Owners encrypt ends..
1501219518866, Proxy parallel aggregation start...
1501219518944, Proxy parallel aggregation end...
1501219518944, Data User decryption starts..
1501219518953, Data User decryption ends..
========================
1501219518953, Private Global PCA starts..
1501219519150, Private Global PCA ends..
------------------------
170
1501219519175, Data Owners encrypt starts..
1501219520211, Data Owners encrypt ends..
1501219520211, Proxy parallel aggregation start...
1501219520297, Proxy parallel aggregation end...
1501219520297, Data User decryption starts..
1501219520306, Data User decryption ends..
========================
1501219520306, Private Global PCA starts..
1501219520552, Private Global PCA ends..
------------------------
190
1501219520580, Data Owners encrypt starts..
1501219521735, Data Owners encrypt ends..
1501219521735, Proxy parallel aggregation start...
1501219521829, Proxy parallel aggregation end...
1501219521829, Data User decryption starts..
1501219521839, Data User decryption ends..
========================
1501219521839, Private Global PCA starts..
1501219522081, Private Global PCA ends..
------------------------
10
1501219522138, Data Owners encrypt starts..
1501219522219, Data Owners encrypt ends..
1501219522219, Proxy parallel aggregation start...
1501219522249, Proxy parallel aggregation end...
1501219522249, Data User decryption starts..
1501219522255, Data User decryption ends..
========================
1501219522256, Private Global PCA starts..
1501219522274, Private Global PCA ends..
------------------------
30
1501219522293, Data Owners encrypt starts..
1501219522492, Data Owners encrypt ends..
1501219522492, Proxy parallel aggregation start...
1501219522528, Proxy parallel aggregation end...
1501219522528, Data User decryption starts..
1501219522534, Data User decryption ends..
========================
1501219522534, Private Global PCA starts..
1501219522574, Private Global PCA ends..
------------------------
50
1501219522594, Data Owners encrypt starts..
1501219522900, Data Owners encrypt ends..
1501219522900, Proxy parallel aggregation start...
1501219522941, Proxy parallel aggregation end...
1501219522941, Data User decryption starts..
1501219522947, Data User decryption ends..
========================
1501219522947, Private Global PCA starts..
1501219523010, Private Global PCA ends..
------------------------
70
1501219523032, Data Owners encrypt starts..
1501219523439, Data Owners encrypt ends..
1501219523439, Proxy parallel aggregation start...
1501219523483, Proxy parallel aggregation end...
1501219523483, Data User decryption starts..
1501219523489, Data User decryption ends..
========================
1501219523489, Private Global PCA starts..
1501219523572, Private Global PCA ends..
------------------------
90
1501219523594, Data Owners encrypt starts..
1501219524100, Data Owners encrypt ends..
1501219524100, Proxy parallel aggregation start...
1501219524154, Proxy parallel aggregation end...
1501219524154, Data User decryption starts..
1501219524160, Data User decryption ends..
========================
1501219524160, Private Global PCA starts..
1501219524269, Private Global PCA ends..
------------------------
110
1501219524291, Data Owners encrypt starts..
1501219524962, Data Owners encrypt ends..
1501219524962, Proxy parallel aggregation start...
1501219525036, Proxy parallel aggregation end...
1501219525036, Data User decryption starts..
1501219525049, Data User decryption ends..
========================
1501219525049, Private Global PCA starts..
1501219525280, Private Global PCA ends..
------------------------
130
1501219525314, Data Owners encrypt starts..
1501219526164, Data Owners encrypt ends..
1501219526164, Proxy parallel aggregation start...
1501219526256, Proxy parallel aggregation end...
1501219526256, Data User decryption starts..
1501219526273, Data User decryption ends..
========================
1501219526273, Private Global PCA starts..
1501219526470, Private Global PCA ends..
------------------------
150
1501219526497, Data Owners encrypt starts..
1501219527446, Data Owners encrypt ends..
1501219527446, Proxy parallel aggregation start...
1501219527523, Proxy parallel aggregation end...
1501219527523, Data User decryption starts..
1501219527532, Data User decryption ends..
========================
1501219527532, Private Global PCA starts..
1501219527814, Private Global PCA ends..
------------------------
170
1501219527844, Data Owners encrypt starts..
1501219528957, Data Owners encrypt ends..
1501219528957, Proxy parallel aggregation start...
1501219529038, Proxy parallel aggregation end...
1501219529038, Data User decryption starts..
1501219529048, Data User decryption ends..
========================
1501219529048, Private Global PCA starts..
1501219529268, Private Global PCA ends..
------------------------
190
1501219529294, Data Owners encrypt starts..
1501219530361, Data Owners encrypt ends..
1501219530361, Proxy parallel aggregation start...
1501219530440, Proxy parallel aggregation end...
1501219530440, Data User decryption starts..
1501219530450, Data User decryption ends..
========================
1501219530450, Private Global PCA starts..
1501219530768, Private Global PCA ends..
------------------------
10, 41, 17
30, 48, 40
50, 53, 62
70, 55, 84
90, 68, 114
110, 77, 164
130, 89, 194
150, 93, 248
170, 99, 244
190, 99, 266
++++++++++++++++ australian ++++++++++++++++++++
10
1501219530818, Data Owners encrypt starts..
1501219531002, Data Owners encrypt ends..
1501219531002, Proxy parallel aggregation start...
1501219531032, Proxy parallel aggregation end...
1501219531032, Data User decryption starts..
1501219531050, Data User decryption ends..
========================
1501219531050, Private Global PCA starts..
1501219531076, Private Global PCA ends..
------------------------
30
1501219531098, Data Owners encrypt starts..
1501219531765, Data Owners encrypt ends..
1501219531765, Proxy parallel aggregation start...
1501219531806, Proxy parallel aggregation end...
1501219531806, Data User decryption starts..
1501219531824, Data User decryption ends..
========================
1501219531825, Private Global PCA starts..
1501219531894, Private Global PCA ends..
------------------------
50
1501219531918, Data Owners encrypt starts..
1501219532693, Data Owners encrypt ends..
1501219532693, Proxy parallel aggregation start...
1501219532753, Proxy parallel aggregation end...
1501219532753, Data User decryption starts..
1501219532777, Data User decryption ends..
========================
1501219532777, Private Global PCA starts..
1501219532891, Private Global PCA ends..
------------------------
70
1501219532912, Data Owners encrypt starts..
1501219534086, Data Owners encrypt ends..
1501219534086, Proxy parallel aggregation start...
1501219534160, Proxy parallel aggregation end...
1501219534160, Data User decryption starts..
1501219534187, Data User decryption ends..
========================
1501219534187, Private Global PCA starts..
1501219534342, Private Global PCA ends..
------------------------
90
1501219534364, Data Owners encrypt starts..
1501219535738, Data Owners encrypt ends..
1501219535738, Proxy parallel aggregation start...
1501219535825, Proxy parallel aggregation end...
1501219535825, Data User decryption starts..
1501219535851, Data User decryption ends..
========================
1501219535851, Private Global PCA starts..
1501219536044, Private Global PCA ends..
------------------------
110
1501219536068, Data Owners encrypt starts..
1501219537867, Data Owners encrypt ends..
1501219537867, Proxy parallel aggregation start...
1501219537966, Proxy parallel aggregation end...
1501219537966, Data User decryption starts..
1501219537985, Data User decryption ends..
========================
1501219537985, Private Global PCA starts..
1501219538187, Private Global PCA ends..
------------------------
130
1501219538212, Data Owners encrypt starts..
1501219540477, Data Owners encrypt ends..
1501219540477, Proxy parallel aggregation start...
1501219540558, Proxy parallel aggregation end...
1501219540558, Data User decryption starts..
1501219540584, Data User decryption ends..
========================
1501219540584, Private Global PCA starts..
1501219540823, Private Global PCA ends..
------------------------
150
1501219540848, Data Owners encrypt starts..
1501219543435, Data Owners encrypt ends..
1501219543435, Proxy parallel aggregation start...
1501219543552, Proxy parallel aggregation end...
1501219543552, Data User decryption starts..
1501219543573, Data User decryption ends..
========================
1501219543573, Private Global PCA starts..
1501219543851, Private Global PCA ends..
------------------------
170
1501219543878, Data Owners encrypt starts..
1501219546687, Data Owners encrypt ends..
1501219546687, Proxy parallel aggregation start...
1501219546814, Proxy parallel aggregation end...
1501219546814, Data User decryption starts..
1501219546841, Data User decryption ends..
========================
1501219546841, Private Global PCA starts..
1501219547157, Private Global PCA ends..
------------------------
190
1501219547185, Data Owners encrypt starts..
1501219550109, Data Owners encrypt ends..
1501219550109, Proxy parallel aggregation start...
1501219550221, Proxy parallel aggregation end...
1501219550221, Data User decryption starts..
1501219550249, Data User decryption ends..
========================
1501219550250, Private Global PCA starts..
1501219550712, Private Global PCA ends..
------------------------
10
1501219550764, Data Owners encrypt starts..
1501219550946, Data Owners encrypt ends..
1501219550946, Proxy parallel aggregation start...
1501219550979, Proxy parallel aggregation end...
1501219550979, Data User decryption starts..
1501219550998, Data User decryption ends..
========================
1501219550998, Private Global PCA starts..
1501219551025, Private Global PCA ends..
------------------------
30
1501219551047, Data Owners encrypt starts..
1501219551742, Data Owners encrypt ends..
1501219551742, Proxy parallel aggregation start...
1501219551790, Proxy parallel aggregation end...
1501219551790, Data User decryption starts..
1501219551809, Data User decryption ends..
========================
1501219551809, Private Global PCA starts..
1501219551879, Private Global PCA ends..
------------------------
50
1501219551902, Data Owners encrypt starts..
1501219552745, Data Owners encrypt ends..
1501219552745, Proxy parallel aggregation start...
1501219552809, Proxy parallel aggregation end...
1501219552809, Data User decryption starts..
1501219552835, Data User decryption ends..
========================
1501219552835, Private Global PCA starts..
1501219552956, Private Global PCA ends..
------------------------
70
1501219552978, Data Owners encrypt starts..
1501219554107, Data Owners encrypt ends..
1501219554107, Proxy parallel aggregation start...
1501219554176, Proxy parallel aggregation end...
1501219554176, Data User decryption starts..
1501219554193, Data User decryption ends..
========================
1501219554193, Private Global PCA starts..
1501219554327, Private Global PCA ends..
------------------------
90
1501219554379, Data Owners encrypt starts..
1501219556067, Data Owners encrypt ends..
1501219556067, Proxy parallel aggregation start...
1501219556155, Proxy parallel aggregation end...
1501219556155, Data User decryption starts..
1501219556183, Data User decryption ends..
========================
1501219556183, Private Global PCA starts..
1501219556456, Private Global PCA ends..
------------------------
110
1501219556485, Data Owners encrypt starts..
1501219558340, Data Owners encrypt ends..
1501219558340, Proxy parallel aggregation start...
1501219558442, Proxy parallel aggregation end...
1501219558442, Data User decryption starts..
1501219558470, Data User decryption ends..
========================
1501219558470, Private Global PCA starts..
1501219558698, Private Global PCA ends..
------------------------
130
1501219558723, Data Owners encrypt starts..
1501219560856, Data Owners encrypt ends..
1501219560856, Proxy parallel aggregation start...
1501219560956, Proxy parallel aggregation end...
1501219560957, Data User decryption starts..
1501219560982, Data User decryption ends..
========================
1501219560982, Private Global PCA starts..
1501219561241, Private Global PCA ends..
------------------------
150
1501219561267, Data Owners encrypt starts..
1501219563799, Data Owners encrypt ends..
1501219563799, Proxy parallel aggregation start...
1501219563924, Proxy parallel aggregation end...
1501219563924, Data User decryption starts..
1501219563971, Data User decryption ends..
========================
1501219563971, Private Global PCA starts..
1501219564318, Private Global PCA ends..
------------------------
170
1501219564348, Data Owners encrypt starts..
1501219567311, Data Owners encrypt ends..
1501219567311, Proxy parallel aggregation start...
1501219567437, Proxy parallel aggregation end...
1501219567437, Data User decryption starts..
1501219567466, Data User decryption ends..
========================
1501219567466, Private Global PCA starts..
1501219567794, Private Global PCA ends..
------------------------
190
1501219567822, Data Owners encrypt starts..
1501219571004, Data Owners encrypt ends..
1501219571004, Proxy parallel aggregation start...
1501219571149, Proxy parallel aggregation end...
1501219571150, Data User decryption starts..
1501219571190, Data User decryption ends..
========================
1501219571191, Private Global PCA starts..
1501219571602, Private Global PCA ends..
------------------------
10
1501219571650, Data Owners encrypt starts..
1501219571833, Data Owners encrypt ends..
1501219571833, Proxy parallel aggregation start...
1501219571872, Proxy parallel aggregation end...
1501219571872, Data User decryption starts..
1501219571913, Data User decryption ends..
========================
1501219571913, Private Global PCA starts..
1501219571962, Private Global PCA ends..
------------------------
30
1501219571991, Data Owners encrypt starts..
1501219572550, Data Owners encrypt ends..
1501219572550, Proxy parallel aggregation start...
1501219572598, Proxy parallel aggregation end...
1501219572598, Data User decryption starts..
1501219572617, Data User decryption ends..
========================
1501219572617, Private Global PCA starts..
1501219572685, Private Global PCA ends..
------------------------
50
1501219572711, Data Owners encrypt starts..
1501219573552, Data Owners encrypt ends..
1501219573552, Proxy parallel aggregation start...
1501219573610, Proxy parallel aggregation end...
1501219573610, Data User decryption starts..
1501219573628, Data User decryption ends..
========================
1501219573628, Private Global PCA starts..
1501219573735, Private Global PCA ends..
------------------------
70
1501219573757, Data Owners encrypt starts..
1501219574918, Data Owners encrypt ends..
1501219574918, Proxy parallel aggregation start...
1501219574992, Proxy parallel aggregation end...
1501219574992, Data User decryption starts..
1501219575019, Data User decryption ends..
========================
1501219575020, Private Global PCA starts..
1501219575176, Private Global PCA ends..
------------------------
90
1501219575198, Data Owners encrypt starts..
1501219576671, Data Owners encrypt ends..
1501219576671, Proxy parallel aggregation start...
1501219576754, Proxy parallel aggregation end...
1501219576754, Data User decryption starts..
1501219576779, Data User decryption ends..
========================
1501219576779, Private Global PCA starts..
1501219576949, Private Global PCA ends..
------------------------
110
1501219576973, Data Owners encrypt starts..
1501219578800, Data Owners encrypt ends..
1501219578800, Proxy parallel aggregation start...
1501219578902, Proxy parallel aggregation end...
1501219578903, Data User decryption starts..
1501219578930, Data User decryption ends..
========================
1501219578930, Private Global PCA starts..
1501219579156, Private Global PCA ends..
------------------------
130
1501219579181, Data Owners encrypt starts..
1501219581215, Data Owners encrypt ends..
1501219581215, Proxy parallel aggregation start...
1501219581326, Proxy parallel aggregation end...
1501219581326, Data User decryption starts..
1501219581353, Data User decryption ends..
========================
1501219581353, Private Global PCA starts..
1501219581616, Private Global PCA ends..
------------------------
150
1501219581641, Data Owners encrypt starts..
1501219584094, Data Owners encrypt ends..
1501219584094, Proxy parallel aggregation start...
1501219584217, Proxy parallel aggregation end...
1501219584217, Data User decryption starts..
1501219584241, Data User decryption ends..
========================
1501219584241, Private Global PCA starts..
1501219584513, Private Global PCA ends..
------------------------
170
1501219584541, Data Owners encrypt starts..
1501219587349, Data Owners encrypt ends..
1501219587349, Proxy parallel aggregation start...
1501219587479, Proxy parallel aggregation end...
1501219587479, Data User decryption starts..
1501219587508, Data User decryption ends..
========================
1501219587508, Private Global PCA starts..
1501219587836, Private Global PCA ends..
------------------------
190
1501219587864, Data Owners encrypt starts..
1501219590679, Data Owners encrypt ends..
1501219590679, Proxy parallel aggregation start...
1501219590798, Proxy parallel aggregation end...
1501219590798, Data User decryption starts..
1501219590824, Data User decryption ends..
========================
1501219590824, Private Global PCA starts..
1501219591190, Private Global PCA ends..
------------------------
10
1501219591249, Data Owners encrypt starts..
1501219591449, Data Owners encrypt ends..
1501219591449, Proxy parallel aggregation start...
1501219591480, Proxy parallel aggregation end...
1501219591480, Data User decryption starts..
1501219591497, Data User decryption ends..
========================
1501219591497, Private Global PCA starts..
1501219591521, Private Global PCA ends..
------------------------
30
1501219591542, Data Owners encrypt starts..
1501219592113, Data Owners encrypt ends..
1501219592113, Proxy parallel aggregation start...
1501219592159, Proxy parallel aggregation end...
1501219592159, Data User decryption starts..
1501219592175, Data User decryption ends..
========================
1501219592175, Private Global PCA starts..
1501219592237, Private Global PCA ends..
------------------------
50
1501219592259, Data Owners encrypt starts..
1501219593126, Data Owners encrypt ends..
1501219593126, Proxy parallel aggregation start...
1501219593188, Proxy parallel aggregation end...
1501219593188, Data User decryption starts..
1501219593225, Data User decryption ends..
========================
1501219593225, Private Global PCA starts..
1501219593406, Private Global PCA ends..
------------------------
70
1501219593435, Data Owners encrypt starts..
1501219594575, Data Owners encrypt ends..
1501219594575, Proxy parallel aggregation start...
1501219594651, Proxy parallel aggregation end...
1501219594651, Data User decryption starts..
1501219594677, Data User decryption ends..
========================
1501219594677, Private Global PCA starts..
1501219594820, Private Global PCA ends..
------------------------
90
1501219594844, Data Owners encrypt starts..
1501219596348, Data Owners encrypt ends..
1501219596348, Proxy parallel aggregation start...
1501219596437, Proxy parallel aggregation end...
1501219596437, Data User decryption starts..
1501219596467, Data User decryption ends..
========================
1501219596467, Private Global PCA starts..
1501219596661, Private Global PCA ends..
------------------------
110
1501219596685, Data Owners encrypt starts..
1501219598584, Data Owners encrypt ends..
1501219598584, Proxy parallel aggregation start...
1501219598662, Proxy parallel aggregation end...
1501219598663, Data User decryption starts..
1501219598690, Data User decryption ends..
========================
1501219598690, Private Global PCA starts..
1501219598926, Private Global PCA ends..
------------------------
130
1501219598955, Data Owners encrypt starts..
1501219600938, Data Owners encrypt ends..
1501219600938, Proxy parallel aggregation start...
1501219601046, Proxy parallel aggregation end...
1501219601047, Data User decryption starts..
1501219601074, Data User decryption ends..
========================
1501219601074, Private Global PCA starts..
1501219601358, Private Global PCA ends..
------------------------
150
1501219601386, Data Owners encrypt starts..
1501219603713, Data Owners encrypt ends..
1501219603713, Proxy parallel aggregation start...
1501219603838, Proxy parallel aggregation end...
1501219603839, Data User decryption starts..
1501219603866, Data User decryption ends..
========================
1501219603866, Private Global PCA starts..
1501219604268, Private Global PCA ends..
------------------------
170
1501219604297, Data Owners encrypt starts..
1501219607268, Data Owners encrypt ends..
1501219607269, Proxy parallel aggregation start...
1501219607405, Proxy parallel aggregation end...
1501219607405, Data User decryption starts..
1501219607441, Data User decryption ends..
========================
1501219607441, Private Global PCA starts..
1501219607816, Private Global PCA ends..
------------------------
190
1501219607846, Data Owners encrypt starts..
1501219611194, Data Owners encrypt ends..
1501219611194, Proxy parallel aggregation start...
1501219611341, Proxy parallel aggregation end...
1501219611341, Data User decryption starts..
1501219611385, Data User decryption ends..
========================
1501219611385, Private Global PCA starts..
1501219611809, Private Global PCA ends..
------------------------
10
1501219611872, Data Owners encrypt starts..
1501219612093, Data Owners encrypt ends..
1501219612093, Proxy parallel aggregation start...
1501219612126, Proxy parallel aggregation end...
1501219612126, Data User decryption starts..
1501219612145, Data User decryption ends..
========================
1501219612145, Private Global PCA starts..
1501219612172, Private Global PCA ends..
------------------------
30
1501219612193, Data Owners encrypt starts..
1501219612678, Data Owners encrypt ends..
1501219612678, Proxy parallel aggregation start...
1501219612721, Proxy parallel aggregation end...
1501219612721, Data User decryption starts..
1501219612738, Data User decryption ends..
========================
1501219612738, Private Global PCA starts..
1501219612799, Private Global PCA ends..
------------------------
50
1501219612822, Data Owners encrypt starts..
1501219613682, Data Owners encrypt ends..
1501219613682, Proxy parallel aggregation start...
1501219613739, Proxy parallel aggregation end...
1501219613739, Data User decryption starts..
1501219613757, Data User decryption ends..
========================
1501219613757, Private Global PCA starts..
1501219613858, Private Global PCA ends..
------------------------
70
1501219613881, Data Owners encrypt starts..
1501219615071, Data Owners encrypt ends..
1501219615071, Proxy parallel aggregation start...
1501219615140, Proxy parallel aggregation end...
1501219615140, Data User decryption starts..
1501219615166, Data User decryption ends..
========================
1501219615166, Private Global PCA starts..
1501219615321, Private Global PCA ends..
------------------------
90
1501219615343, Data Owners encrypt starts..
1501219616756, Data Owners encrypt ends..
1501219616756, Proxy parallel aggregation start...
1501219616848, Proxy parallel aggregation end...
1501219616848, Data User decryption starts..
1501219616877, Data User decryption ends..
========================
1501219616877, Private Global PCA starts..
1501219617083, Private Global PCA ends..
------------------------
110
1501219617107, Data Owners encrypt starts..
1501219618891, Data Owners encrypt ends..
1501219618891, Proxy parallel aggregation start...
1501219618985, Proxy parallel aggregation end...
1501219618985, Data User decryption starts..
1501219619014, Data User decryption ends..
========================
1501219619014, Private Global PCA starts..
1501219619228, Private Global PCA ends..
------------------------
130
1501219619252, Data Owners encrypt starts..
1501219621517, Data Owners encrypt ends..
1501219621517, Proxy parallel aggregation start...
1501219621623, Proxy parallel aggregation end...
1501219621623, Data User decryption starts..
1501219621644, Data User decryption ends..
========================
1501219621644, Private Global PCA starts..
1501219621878, Private Global PCA ends..
------------------------
150
1501219621904, Data Owners encrypt starts..
1501219624248, Data Owners encrypt ends..
1501219624248, Proxy parallel aggregation start...
1501219624372, Proxy parallel aggregation end...
1501219624372, Data User decryption starts..
1501219624397, Data User decryption ends..
========================
1501219624398, Private Global PCA starts..
1501219624696, Private Global PCA ends..
------------------------
170
1501219624723, Data Owners encrypt starts..
1501219627272, Data Owners encrypt ends..
1501219627272, Proxy parallel aggregation start...
1501219627397, Proxy parallel aggregation end...
1501219627397, Data User decryption starts..
1501219627439, Data User decryption ends..
========================
1501219627439, Private Global PCA starts..
1501219627820, Private Global PCA ends..
------------------------
190
1501219627850, Data Owners encrypt starts..
1501219631266, Data Owners encrypt ends..
1501219631266, Proxy parallel aggregation start...
1501219631408, Proxy parallel aggregation end...
1501219631408, Data User decryption starts..
1501219631446, Data User decryption ends..
========================
1501219631446, Private Global PCA starts..
1501219631909, Private Global PCA ends..
------------------------
10, 75, 30
30, 82, 66
50, 101, 124
70, 113, 148
90, 131, 207
110, 137, 221
130, 142, 255
150, 167, 319
170, 177, 345
190, 184, 425
++++++++++++++++ german ++++++++++++++++++++
10
1501219631972, Data Owners encrypt starts..
1501219632510, Data Owners encrypt ends..
1501219632510, Proxy parallel aggregation start...
1501219632548, Proxy parallel aggregation end...
1501219632548, Data User decryption starts..
1501219632601, Data User decryption ends..
========================
1501219632601, Private Global PCA starts..
1501219632655, Private Global PCA ends..
------------------------
30
1501219632684, Data Owners encrypt starts..
1501219634130, Data Owners encrypt ends..
1501219634130, Proxy parallel aggregation start...
1501219634204, Proxy parallel aggregation end...
1501219634204, Data User decryption starts..
1501219634278, Data User decryption ends..
========================
1501219634279, Private Global PCA starts..
1501219634414, Private Global PCA ends..
------------------------
50
1501219634445, Data Owners encrypt starts..
1501219636718, Data Owners encrypt ends..
1501219636718, Proxy parallel aggregation start...
1501219636794, Proxy parallel aggregation end...
1501219636794, Data User decryption starts..
1501219636865, Data User decryption ends..
========================
1501219636865, Private Global PCA starts..
1501219637072, Private Global PCA ends..
------------------------
70
1501219637104, Data Owners encrypt starts..
1501219640654, Data Owners encrypt ends..
1501219640654, Proxy parallel aggregation start...
1501219640778, Proxy parallel aggregation end...
1501219640778, Data User decryption starts..
1501219640846, Data User decryption ends..
========================
1501219640846, Private Global PCA starts..
1501219641109, Private Global PCA ends..
------------------------
90
1501219641142, Data Owners encrypt starts..
1501219645327, Data Owners encrypt ends..
1501219645327, Proxy parallel aggregation start...
1501219645431, Proxy parallel aggregation end...
1501219645431, Data User decryption starts..
1501219645483, Data User decryption ends..
========================
1501219645483, Private Global PCA starts..
1501219645809, Private Global PCA ends..
------------------------
110
1501219645843, Data Owners encrypt starts..
1501219650963, Data Owners encrypt ends..
1501219650963, Proxy parallel aggregation start...
1501219651130, Proxy parallel aggregation end...
1501219651130, Data User decryption starts..
1501219651219, Data User decryption ends..
========================
1501219651219, Private Global PCA starts..
1501219651717, Private Global PCA ends..
------------------------
130
1501219651754, Data Owners encrypt starts..
1501219657726, Data Owners encrypt ends..
1501219657726, Proxy parallel aggregation start...
1501219657922, Proxy parallel aggregation end...
1501219657922, Data User decryption starts..
1501219658020, Data User decryption ends..
========================
1501219658020, Private Global PCA starts..
1501219658555, Private Global PCA ends..
------------------------
150
1501219658593, Data Owners encrypt starts..
1501219665414, Data Owners encrypt ends..
1501219665414, Proxy parallel aggregation start...
1501219665625, Proxy parallel aggregation end...
1501219665625, Data User decryption starts..
1501219665703, Data User decryption ends..
========================
1501219665703, Private Global PCA starts..
1501219666259, Private Global PCA ends..
------------------------
170
1501219666298, Data Owners encrypt starts..
1501219674233, Data Owners encrypt ends..
1501219674233, Proxy parallel aggregation start...
1501219674436, Proxy parallel aggregation end...
1501219674436, Data User decryption starts..
1501219674546, Data User decryption ends..
========================
1501219674546, Private Global PCA starts..
1501219675256, Private Global PCA ends..
------------------------
190
1501219675297, Data Owners encrypt starts..
1501219684163, Data Owners encrypt ends..
1501219684163, Proxy parallel aggregation start...
1501219684388, Proxy parallel aggregation end...
1501219684388, Data User decryption starts..
1501219684443, Data User decryption ends..
========================
1501219684443, Private Global PCA starts..
1501219685226, Private Global PCA ends..
------------------------
10
1501219685303, Data Owners encrypt starts..
1501219685832, Data Owners encrypt ends..
1501219685832, Proxy parallel aggregation start...
1501219685873, Proxy parallel aggregation end...
1501219685873, Data User decryption starts..
1501219685926, Data User decryption ends..
========================
1501219685926, Private Global PCA starts..
1501219685982, Private Global PCA ends..
------------------------
30
1501219686013, Data Owners encrypt starts..
1501219687563, Data Owners encrypt ends..
1501219687563, Proxy parallel aggregation start...
1501219687648, Proxy parallel aggregation end...
1501219687648, Data User decryption starts..
1501219687754, Data User decryption ends..
========================
1501219687755, Private Global PCA starts..
1501219687966, Private Global PCA ends..
------------------------
50
1501219688000, Data Owners encrypt starts..
1501219690415, Data Owners encrypt ends..
1501219690415, Proxy parallel aggregation start...
1501219690517, Proxy parallel aggregation end...
1501219690517, Data User decryption starts..
1501219690595, Data User decryption ends..
========================
1501219690595, Private Global PCA starts..
1501219690801, Private Global PCA ends..
------------------------
70
1501219690834, Data Owners encrypt starts..
1501219693868, Data Owners encrypt ends..
1501219693868, Proxy parallel aggregation start...
1501219693988, Proxy parallel aggregation end...
1501219693988, Data User decryption starts..
1501219694059, Data User decryption ends..
========================
1501219694059, Private Global PCA starts..
1501219694330, Private Global PCA ends..
------------------------
90
1501219694362, Data Owners encrypt starts..
1501219698476, Data Owners encrypt ends..
1501219698476, Proxy parallel aggregation start...
1501219698634, Proxy parallel aggregation end...
1501219698634, Data User decryption starts..
1501219698714, Data User decryption ends..
========================
1501219698714, Private Global PCA starts..
1501219699045, Private Global PCA ends..
------------------------
110
1501219699078, Data Owners encrypt starts..
1501219704059, Data Owners encrypt ends..
1501219704059, Proxy parallel aggregation start...
1501219704216, Proxy parallel aggregation end...
1501219704216, Data User decryption starts..
1501219704279, Data User decryption ends..
========================
1501219704279, Private Global PCA starts..
1501219704672, Private Global PCA ends..
------------------------
130
1501219704707, Data Owners encrypt starts..
1501219710340, Data Owners encrypt ends..
1501219710340, Proxy parallel aggregation start...
1501219710527, Proxy parallel aggregation end...
1501219710527, Data User decryption starts..
1501219710626, Data User decryption ends..
========================
1501219710626, Private Global PCA starts..
1501219711083, Private Global PCA ends..
------------------------
150
1501219711118, Data Owners encrypt starts..
1501219717890, Data Owners encrypt ends..
1501219717890, Proxy parallel aggregation start...
1501219718097, Proxy parallel aggregation end...
1501219718097, Data User decryption starts..
1501219718186, Data User decryption ends..
========================
1501219718186, Private Global PCA starts..
1501219718821, Private Global PCA ends..
------------------------
170
1501219718860, Data Owners encrypt starts..
1501219726389, Data Owners encrypt ends..
1501219726389, Proxy parallel aggregation start...
1501219726624, Proxy parallel aggregation end...
1501219726624, Data User decryption starts..
1501219726703, Data User decryption ends..
========================
1501219726703, Private Global PCA starts..
1501219727342, Private Global PCA ends..
------------------------
190
1501219727384, Data Owners encrypt starts..
1501219735661, Data Owners encrypt ends..
1501219735661, Proxy parallel aggregation start...
1501219735833, Proxy parallel aggregation end...
1501219735833, Data User decryption starts..
1501219735906, Data User decryption ends..
========================
1501219735906, Private Global PCA starts..
1501219736609, Private Global PCA ends..
------------------------
10
1501219736686, Data Owners encrypt starts..
1501219737215, Data Owners encrypt ends..
1501219737215, Proxy parallel aggregation start...
1501219737257, Proxy parallel aggregation end...
1501219737257, Data User decryption starts..
1501219737308, Data User decryption ends..
========================
1501219737308, Private Global PCA starts..
1501219737377, Private Global PCA ends..
------------------------
30
1501219737443, Data Owners encrypt starts..
1501219738909, Data Owners encrypt ends..
1501219738909, Proxy parallel aggregation start...
1501219738969, Proxy parallel aggregation end...
1501219738969, Data User decryption starts..
1501219739035, Data User decryption ends..
========================
1501219739035, Private Global PCA starts..
1501219739194, Private Global PCA ends..
------------------------
50
1501219739228, Data Owners encrypt starts..
1501219741582, Data Owners encrypt ends..
1501219741582, Proxy parallel aggregation start...
1501219741658, Proxy parallel aggregation end...
1501219741658, Data User decryption starts..
1501219741731, Data User decryption ends..
========================
1501219741731, Private Global PCA starts..
1501219741940, Private Global PCA ends..
------------------------
70
1501219741971, Data Owners encrypt starts..
1501219745043, Data Owners encrypt ends..
1501219745043, Proxy parallel aggregation start...
1501219745170, Proxy parallel aggregation end...
1501219745170, Data User decryption starts..
1501219745267, Data User decryption ends..
========================
1501219745267, Private Global PCA starts..
1501219745567, Private Global PCA ends..
------------------------
90
1501219745601, Data Owners encrypt starts..
1501219749598, Data Owners encrypt ends..
1501219749598, Proxy parallel aggregation start...
1501219749748, Proxy parallel aggregation end...
1501219749748, Data User decryption starts..
1501219749841, Data User decryption ends..
========================
1501219749841, Private Global PCA starts..
1501219750217, Private Global PCA ends..
------------------------
110
1501219750254, Data Owners encrypt starts..
1501219755318, Data Owners encrypt ends..
1501219755318, Proxy parallel aggregation start...
1501219755500, Proxy parallel aggregation end...
1501219755500, Data User decryption starts..
1501219755592, Data User decryption ends..
========================
1501219755592, Private Global PCA starts..
1501219756032, Private Global PCA ends..
------------------------
130
1501219756068, Data Owners encrypt starts..
1501219762430, Data Owners encrypt ends..
1501219762430, Proxy parallel aggregation start...
1501219762621, Proxy parallel aggregation end...
1501219762621, Data User decryption starts..
1501219762701, Data User decryption ends..
========================
1501219762701, Private Global PCA starts..
1501219763241, Private Global PCA ends..
------------------------
150
1501219763278, Data Owners encrypt starts..
1501219769747, Data Owners encrypt ends..
1501219769747, Proxy parallel aggregation start...
1501219769941, Proxy parallel aggregation end...
1501219769941, Data User decryption starts..
1501219770016, Data User decryption ends..
========================
1501219770016, Private Global PCA starts..
1501219770657, Private Global PCA ends..
------------------------
170
1501219770721, Data Owners encrypt starts..
1501219778605, Data Owners encrypt ends..
1501219778605, Proxy parallel aggregation start...
1501219778826, Proxy parallel aggregation end...
1501219778826, Data User decryption starts..
1501219778907, Data User decryption ends..
========================
1501219778907, Private Global PCA starts..
1501219779485, Private Global PCA ends..
------------------------
190
1501219779524, Data Owners encrypt starts..
1501219787529, Data Owners encrypt ends..
1501219787529, Proxy parallel aggregation start...
1501219787774, Proxy parallel aggregation end...
1501219787774, Data User decryption starts..
1501219787825, Data User decryption ends..
========================
1501219787825, Private Global PCA starts..
1501219788561, Private Global PCA ends..
------------------------
10
1501219788623, Data Owners encrypt starts..
1501219789107, Data Owners encrypt ends..
1501219789107, Proxy parallel aggregation start...
1501219789154, Proxy parallel aggregation end...
1501219789154, Data User decryption starts..
1501219789252, Data User decryption ends..
========================
1501219789252, Private Global PCA starts..
1501219789362, Private Global PCA ends..
------------------------
30
1501219789407, Data Owners encrypt starts..
1501219790883, Data Owners encrypt ends..
1501219790883, Proxy parallel aggregation start...
1501219790942, Proxy parallel aggregation end...
1501219790942, Data User decryption starts..
1501219791012, Data User decryption ends..
========================
1501219791012, Private Global PCA starts..
1501219791143, Private Global PCA ends..
------------------------
50
1501219791173, Data Owners encrypt starts..
1501219793770, Data Owners encrypt ends..
1501219793770, Proxy parallel aggregation start...
1501219793874, Proxy parallel aggregation end...
1501219793874, Data User decryption starts..
1501219793955, Data User decryption ends..
========================
1501219793956, Private Global PCA starts..
1501219794249, Private Global PCA ends..
------------------------
70
1501219794282, Data Owners encrypt starts..
1501219797691, Data Owners encrypt ends..
1501219797691, Proxy parallel aggregation start...
1501219797813, Proxy parallel aggregation end...
1501219797813, Data User decryption starts..
1501219797890, Data User decryption ends..
========================
1501219797890, Private Global PCA starts..
1501219798158, Private Global PCA ends..
------------------------
90
1501219798189, Data Owners encrypt starts..
1501219802414, Data Owners encrypt ends..
1501219802415, Proxy parallel aggregation start...
1501219802567, Proxy parallel aggregation end...
1501219802567, Data User decryption starts..
1501219802647, Data User decryption ends..
========================
1501219802648, Private Global PCA starts..
1501219803005, Private Global PCA ends..
------------------------
110
1501219803041, Data Owners encrypt starts..
1501219807968, Data Owners encrypt ends..
1501219807968, Proxy parallel aggregation start...
1501219808126, Proxy parallel aggregation end...
1501219808126, Data User decryption starts..
1501219808201, Data User decryption ends..
========================
1501219808201, Private Global PCA starts..
1501219808711, Private Global PCA ends..
------------------------
130
1501219808749, Data Owners encrypt starts..
1501219814218, Data Owners encrypt ends..
1501219814218, Proxy parallel aggregation start...
1501219814379, Proxy parallel aggregation end...
1501219814379, Data User decryption starts..
1501219814447, Data User decryption ends..
========================
1501219814447, Private Global PCA starts..
1501219814910, Private Global PCA ends..
------------------------
150
1501219814945, Data Owners encrypt starts..
1501219821640, Data Owners encrypt ends..
1501219821640, Proxy parallel aggregation start...
1501219821833, Proxy parallel aggregation end...
1501219821833, Data User decryption starts..
1501219821882, Data User decryption ends..
========================
1501219821882, Private Global PCA starts..
1501219822386, Private Global PCA ends..
------------------------
170
1501219822421, Data Owners encrypt starts..
1501219830137, Data Owners encrypt ends..
1501219830137, Proxy parallel aggregation start...
1501219830364, Proxy parallel aggregation end...
1501219830364, Data User decryption starts..
1501219830450, Data User decryption ends..
========================
1501219830450, Private Global PCA starts..
1501219831087, Private Global PCA ends..
------------------------
190
1501219831129, Data Owners encrypt starts..
1501219839627, Data Owners encrypt ends..
1501219839627, Proxy parallel aggregation start...
1501219839812, Proxy parallel aggregation end...
1501219839812, Data User decryption starts..
1501219839908, Data User decryption ends..
========================
1501219839908, Private Global PCA starts..
1501219840680, Private Global PCA ends..
------------------------
10
1501219840781, Data Owners encrypt starts..
1501219841332, Data Owners encrypt ends..
1501219841332, Proxy parallel aggregation start...
1501219841376, Proxy parallel aggregation end...
1501219841376, Data User decryption starts..
1501219841429, Data User decryption ends..
========================
1501219841429, Private Global PCA starts..
1501219841486, Private Global PCA ends..
------------------------
30
1501219841517, Data Owners encrypt starts..
1501219842888, Data Owners encrypt ends..
1501219842888, Proxy parallel aggregation start...
1501219842962, Proxy parallel aggregation end...
1501219842962, Data User decryption starts..
1501219843037, Data User decryption ends..
========================
1501219843037, Private Global PCA starts..
1501219843177, Private Global PCA ends..
------------------------
50
1501219843207, Data Owners encrypt starts..
1501219845425, Data Owners encrypt ends..
1501219845425, Proxy parallel aggregation start...
1501219845530, Proxy parallel aggregation end...
1501219845530, Data User decryption starts..
1501219845606, Data User decryption ends..
========================
1501219845606, Private Global PCA starts..
1501219845813, Private Global PCA ends..
------------------------
70
1501219845845, Data Owners encrypt starts..
1501219849100, Data Owners encrypt ends..
1501219849100, Proxy parallel aggregation start...
1501219849234, Proxy parallel aggregation end...
1501219849234, Data User decryption starts..
1501219849316, Data User decryption ends..
========================
1501219849316, Private Global PCA starts..
1501219849607, Private Global PCA ends..
------------------------
90
1501219849641, Data Owners encrypt starts..
1501219853535, Data Owners encrypt ends..
1501219853535, Proxy parallel aggregation start...
1501219853681, Proxy parallel aggregation end...
1501219853681, Data User decryption starts..
1501219853758, Data User decryption ends..
========================
1501219853758, Private Global PCA starts..
1501219854097, Private Global PCA ends..
------------------------
110
1501219854129, Data Owners encrypt starts..
1501219859246, Data Owners encrypt ends..
1501219859246, Proxy parallel aggregation start...
1501219859416, Proxy parallel aggregation end...
1501219859416, Data User decryption starts..
1501219859493, Data User decryption ends..
========================
1501219859494, Private Global PCA starts..
1501219859921, Private Global PCA ends..
------------------------
130
1501219859957, Data Owners encrypt starts..
1501219865951, Data Owners encrypt ends..
1501219865951, Proxy parallel aggregation start...
1501219866143, Proxy parallel aggregation end...
1501219866143, Data User decryption starts..
1501219866222, Data User decryption ends..
========================
1501219866223, Private Global PCA starts..
1501219866782, Private Global PCA ends..
------------------------
150
1501219866820, Data Owners encrypt starts..
1501219873802, Data Owners encrypt ends..
1501219873802, Proxy parallel aggregation start...
1501219873956, Proxy parallel aggregation end...
1501219873956, Data User decryption starts..
1501219874035, Data User decryption ends..
========================
1501219874035, Private Global PCA starts..
1501219874593, Private Global PCA ends..
------------------------
170
1501219874638, Data Owners encrypt starts..
1501219882660, Data Owners encrypt ends..
1501219882660, Proxy parallel aggregation start...
1501219882890, Proxy parallel aggregation end...
1501219882890, Data User decryption starts..
1501219882970, Data User decryption ends..
========================
1501219882970, Private Global PCA starts..
1501219883605, Private Global PCA ends..
------------------------
190
1501219883645, Data Owners encrypt starts..
1501219892189, Data Owners encrypt ends..
1501219892189, Proxy parallel aggregation start...
1501219892420, Proxy parallel aggregation end...
1501219892420, Data User decryption starts..
1501219892511, Data User decryption ends..
========================
1501219892511, Private Global PCA starts..
1501219893227, Private Global PCA ends..
------------------------
10, 156, 69
30, 196, 155
50, 215, 224
70, 250, 278
90, 263, 345
110, 291, 453
130, 315, 510
150, 310, 578
170, 356, 639
190, 328, 742
++++++++++++++++ ionosphere ++++++++++++++++++++
10
1501219893286, Data Owners encrypt starts..
Traceback (most recent call last):
  File "efficExper.py", line 218, in <module>
    myWorkTime = test_myWork(outputFolderPath,encFolderPath);
  File "efficExper.py", line 167, in test_myWork
    dataOwnerJob(path,encFolderPath,pub);
  File "efficExper.py", line 155, in dataOwnerJob
    encR,encV,encN = calcAndEncryptDataShare(filePath,pub);
  File "efficExper.py", line 80, in calcAndEncryptDataShare
    encR[i,j] = encrypt(pub,R[i,j]);
  File "/home/sen/workspace_python/distr_dp_pca/experiment/paillier.py", line 79, in encrypt
    cipher = (pow(pub.g, plain, pub.n_sq) * x) % pub.n_sq
TypeError: pow() 2nd argument cannot be negative when 3rd argument specified
