++++++++++++++++ ionosphere_positive ++++++++++++++++++++
10
1501280880731, Data Owners encrypt starts..
1501280881723, Data Owners encrypt ends..
1501280881723, Proxy parallel aggregation start...
1501280881767, Proxy parallel aggregation end...
1501280881767, Data User decryption starts..
1501280881860, Data User decryption ends..
========================
1501280881860, Private Global PCA starts..
1501280881956, Private Global PCA ends..
------------------------
30
1501280881986, Data Owners encrypt starts..
1501280884850, Data Owners encrypt ends..
1501280884850, Proxy parallel aggregation start...
1501280884944, Proxy parallel aggregation end...
1501280884944, Data User decryption starts..
1501280885098, Data User decryption ends..
========================
1501280885098, Private Global PCA starts..
1501280885315, Private Global PCA ends..
------------------------
50
1501280885346, Data Owners encrypt starts..
1501280890642, Data Owners encrypt ends..
1501280890642, Proxy parallel aggregation start...
1501280890778, Proxy parallel aggregation end...
1501280890778, Data User decryption starts..
1501280890877, Data User decryption ends..
========================
1501280890877, Private Global PCA starts..
1501280891328, Private Global PCA ends..
------------------------
70
1501280891386, Data Owners encrypt starts..
1501280897813, Data Owners encrypt ends..
1501280897813, Proxy parallel aggregation start...
1501280897953, Proxy parallel aggregation end...
1501280897953, Data User decryption starts..
1501280898092, Data User decryption ends..
========================
1501280898092, Private Global PCA starts..
1501280898692, Private Global PCA ends..
------------------------
90
1501280898752, Data Owners encrypt starts..
1501280906939, Data Owners encrypt ends..
1501280906939, Proxy parallel aggregation start...
1501280907161, Proxy parallel aggregation end...
1501280907161, Data User decryption starts..
1501280907282, Data User decryption ends..
========================
1501280907282, Private Global PCA starts..
1501280908050, Private Global PCA ends..
------------------------
110
1501280908114, Data Owners encrypt starts..
1501280918449, Data Owners encrypt ends..
1501280918449, Proxy parallel aggregation start...
1501280918616, Proxy parallel aggregation end...
1501280918616, Data User decryption starts..
1501280918710, Data User decryption ends..
========================
1501280918710, Private Global PCA starts..
1501280919635, Private Global PCA ends..
------------------------
130
1501280919699, Data Owners encrypt starts..
1501280931539, Data Owners encrypt ends..
1501280931539, Proxy parallel aggregation start...
1501280931797, Proxy parallel aggregation end...
1501280931797, Data User decryption starts..
1501280931927, Data User decryption ends..
========================
1501280931927, Private Global PCA starts..
1501280932690, Private Global PCA ends..
------------------------
150
1501280932727, Data Owners encrypt starts..
1501280947242, Data Owners encrypt ends..
1501280947242, Proxy parallel aggregation start...
1501280947541, Proxy parallel aggregation end...
1501280947541, Data User decryption starts..
1501280947644, Data User decryption ends..
========================
1501280947644, Private Global PCA starts..
1501280948967, Private Global PCA ends..
------------------------
170
1501280949033, Data Owners encrypt starts..
1501280965651, Data Owners encrypt ends..
1501280965651, Proxy parallel aggregation start...
1501280965973, Proxy parallel aggregation end...
1501280965973, Data User decryption starts..
1501280966117, Data User decryption ends..
========================
1501280966117, Private Global PCA starts..
1501280967294, Private Global PCA ends..
------------------------
190
1501280967332, Data Owners encrypt starts..
1501280985293, Data Owners encrypt ends..
1501280985293, Proxy parallel aggregation start...
1501280985647, Proxy parallel aggregation end...
1501280985647, Data User decryption starts..
1501280985771, Data User decryption ends..
========================
1501280985771, Private Global PCA starts..
1501280986761, Private Global PCA ends..
------------------------
10
1501280986808, Data Owners encrypt starts..
1501280987788, Data Owners encrypt ends..
1501280987788, Proxy parallel aggregation start...
1501280987845, Proxy parallel aggregation end...
1501280987845, Data User decryption starts..
1501280988011, Data User decryption ends..
========================
1501280988011, Private Global PCA starts..
1501280988090, Private Global PCA ends..
------------------------
30
1501280988136, Data Owners encrypt starts..
1501280991081, Data Owners encrypt ends..
1501280991081, Proxy parallel aggregation start...
1501280991192, Proxy parallel aggregation end...
1501280991192, Data User decryption starts..
1501280991335, Data User decryption ends..
========================
1501280991335, Private Global PCA starts..
1501280991534, Private Global PCA ends..
------------------------
50
1501280991592, Data Owners encrypt starts..
1501280996374, Data Owners encrypt ends..
1501280996374, Proxy parallel aggregation start...
1501280996490, Proxy parallel aggregation end...
1501280996490, Data User decryption starts..
1501280996620, Data User decryption ends..
========================
1501280996621, Private Global PCA starts..
1501280997052, Private Global PCA ends..
------------------------
70
1501280997110, Data Owners encrypt starts..
1501281003650, Data Owners encrypt ends..
1501281003650, Proxy parallel aggregation start...
1501281003789, Proxy parallel aggregation end...
1501281003789, Data User decryption starts..
1501281003930, Data User decryption ends..
========================
1501281003930, Private Global PCA starts..
1501281004508, Private Global PCA ends..
------------------------
90
1501281004541, Data Owners encrypt starts..
1501281013481, Data Owners encrypt ends..
1501281013481, Proxy parallel aggregation start...
1501281013711, Proxy parallel aggregation end...
1501281013711, Data User decryption starts..
1501281013862, Data User decryption ends..
========================
1501281013862, Private Global PCA starts..
1501281014588, Private Global PCA ends..
------------------------
110
1501281014649, Data Owners encrypt starts..
1501281024764, Data Owners encrypt ends..
1501281024764, Proxy parallel aggregation start...
1501281025012, Proxy parallel aggregation end...
1501281025012, Data User decryption starts..
1501281025100, Data User decryption ends..
========================
1501281025100, Private Global PCA starts..
1501281026026, Private Global PCA ends..
------------------------
130
1501281026090, Data Owners encrypt starts..
1501281039065, Data Owners encrypt ends..
1501281039065, Proxy parallel aggregation start...
1501281039256, Proxy parallel aggregation end...
1501281039256, Data User decryption starts..
1501281039358, Data User decryption ends..
========================
1501281039358, Private Global PCA starts..
1501281040515, Private Global PCA ends..
------------------------
150
1501281040580, Data Owners encrypt starts..
1501281054603, Data Owners encrypt ends..
1501281054603, Proxy parallel aggregation start...
1501281054835, Proxy parallel aggregation end...
1501281054835, Data User decryption starts..
1501281055000, Data User decryption ends..
========================
1501281055000, Private Global PCA starts..
1501281056259, Private Global PCA ends..
------------------------
170
1501281056313, Data Owners encrypt starts..
1501281072788, Data Owners encrypt ends..
1501281072788, Proxy parallel aggregation start...
1501281073097, Proxy parallel aggregation end...
1501281073097, Data User decryption starts..
1501281073239, Data User decryption ends..
========================
1501281073239, Private Global PCA starts..
1501281074644, Private Global PCA ends..
------------------------
190
1501281074683, Data Owners encrypt starts..
1501281094087, Data Owners encrypt ends..
1501281094087, Proxy parallel aggregation start...
1501281094429, Proxy parallel aggregation end...
1501281094429, Data User decryption starts..
1501281094534, Data User decryption ends..
========================
1501281094534, Private Global PCA starts..
1501281096208, Private Global PCA ends..
------------------------
10
1501281096285, Data Owners encrypt starts..
1501281097260, Data Owners encrypt ends..
1501281097260, Proxy parallel aggregation start...
1501281097305, Proxy parallel aggregation end...
1501281097305, Data User decryption starts..
1501281097403, Data User decryption ends..
========================
1501281097403, Private Global PCA starts..
1501281097529, Private Global PCA ends..
------------------------
30
1501281097584, Data Owners encrypt starts..
1501281100576, Data Owners encrypt ends..
1501281100576, Proxy parallel aggregation start...
1501281100671, Proxy parallel aggregation end...
1501281100671, Data User decryption starts..
1501281100829, Data User decryption ends..
========================
1501281100829, Private Global PCA starts..
1501281101104, Private Global PCA ends..
------------------------
50
1501281101161, Data Owners encrypt starts..
1501281106235, Data Owners encrypt ends..
1501281106235, Proxy parallel aggregation start...
1501281106387, Proxy parallel aggregation end...
1501281106387, Data User decryption starts..
1501281106542, Data User decryption ends..
========================
1501281106542, Private Global PCA starts..
1501281106978, Private Global PCA ends..
------------------------
70
1501281107036, Data Owners encrypt starts..
1501281113206, Data Owners encrypt ends..
1501281113206, Proxy parallel aggregation start...
1501281113378, Proxy parallel aggregation end...
1501281113378, Data User decryption starts..
1501281113506, Data User decryption ends..
========================
1501281113506, Private Global PCA starts..
1501281114190, Private Global PCA ends..
------------------------
90
1501281114252, Data Owners encrypt starts..
1501281122666, Data Owners encrypt ends..
1501281122666, Proxy parallel aggregation start...
1501281122880, Proxy parallel aggregation end...
1501281122880, Data User decryption starts..
1501281122986, Data User decryption ends..
========================
1501281122986, Private Global PCA starts..
1501281123742, Private Global PCA ends..
------------------------
110
1501281123802, Data Owners encrypt starts..
1501281133822, Data Owners encrypt ends..
1501281133822, Proxy parallel aggregation start...
1501281134073, Proxy parallel aggregation end...
1501281134073, Data User decryption starts..
1501281134235, Data User decryption ends..
========================
1501281134235, Private Global PCA starts..
1501281134809, Private Global PCA ends..
------------------------
130
1501281134846, Data Owners encrypt starts..
1501281147809, Data Owners encrypt ends..
1501281147809, Proxy parallel aggregation start...
1501281148022, Proxy parallel aggregation end...
1501281148022, Data User decryption starts..
1501281148171, Data User decryption ends..
========================
1501281148171, Private Global PCA starts..
1501281149282, Private Global PCA ends..
------------------------
150
1501281149346, Data Owners encrypt starts..
1501281164243, Data Owners encrypt ends..
1501281164243, Proxy parallel aggregation start...
1501281164548, Proxy parallel aggregation end...
1501281164548, Data User decryption starts..
1501281164715, Data User decryption ends..
========================
1501281164715, Private Global PCA starts..
1501281166068, Private Global PCA ends..
------------------------
170
1501281166134, Data Owners encrypt starts..
1501281181854, Data Owners encrypt ends..
1501281181854, Proxy parallel aggregation start...
1501281182181, Proxy parallel aggregation end...
1501281182181, Data User decryption starts..
1501281182323, Data User decryption ends..
========================
1501281182323, Private Global PCA starts..
1501281183658, Private Global PCA ends..
------------------------
190
1501281183725, Data Owners encrypt starts..
1501281202211, Data Owners encrypt ends..
1501281202211, Proxy parallel aggregation start...
1501281202549, Proxy parallel aggregation end...
1501281202549, Data User decryption starts..
1501281202645, Data User decryption ends..
========================
1501281202645, Private Global PCA starts..
1501281204104, Private Global PCA ends..
------------------------
10
1501281204180, Data Owners encrypt starts..
1501281205160, Data Owners encrypt ends..
1501281205160, Proxy parallel aggregation start...
1501281205205, Proxy parallel aggregation end...
1501281205205, Data User decryption starts..
1501281205299, Data User decryption ends..
========================
1501281205300, Private Global PCA starts..
1501281205393, Private Global PCA ends..
------------------------
30
1501281205458, Data Owners encrypt starts..
1501281208610, Data Owners encrypt ends..
1501281208610, Proxy parallel aggregation start...
1501281208712, Proxy parallel aggregation end...
1501281208712, Data User decryption starts..
1501281208846, Data User decryption ends..
========================
1501281208846, Private Global PCA starts..
1501281209137, Private Global PCA ends..
------------------------
50
1501281209194, Data Owners encrypt starts..
1501281213866, Data Owners encrypt ends..
1501281213866, Proxy parallel aggregation start...
1501281214008, Proxy parallel aggregation end...
1501281214008, Data User decryption starts..
1501281214103, Data User decryption ends..
========================
1501281214103, Private Global PCA starts..
1501281214526, Private Global PCA ends..
------------------------
70
1501281214584, Data Owners encrypt starts..
1501281220876, Data Owners encrypt ends..
1501281220876, Proxy parallel aggregation start...
1501281221024, Proxy parallel aggregation end...
1501281221024, Data User decryption starts..
1501281221193, Data User decryption ends..
========================
1501281221193, Private Global PCA starts..
1501281221780, Private Global PCA ends..
------------------------
90
1501281221841, Data Owners encrypt starts..
1501281230201, Data Owners encrypt ends..
1501281230201, Proxy parallel aggregation start...
1501281230376, Proxy parallel aggregation end...
1501281230376, Data User decryption starts..
1501281230532, Data User decryption ends..
========================
1501281230532, Private Global PCA starts..
1501281231066, Private Global PCA ends..
------------------------
110
1501281231129, Data Owners encrypt starts..
1501281241548, Data Owners encrypt ends..
1501281241548, Proxy parallel aggregation start...
1501281241802, Proxy parallel aggregation end...
1501281241802, Data User decryption starts..
1501281241967, Data User decryption ends..
========================
1501281241967, Private Global PCA starts..
1501281242905, Private Global PCA ends..
------------------------
130
1501281242968, Data Owners encrypt starts..
1501281254290, Data Owners encrypt ends..
1501281254290, Proxy parallel aggregation start...
1501281254478, Proxy parallel aggregation end...
1501281254478, Data User decryption starts..
1501281254576, Data User decryption ends..
========================
1501281254576, Private Global PCA starts..
1501281255664, Private Global PCA ends..
------------------------
150
1501281255728, Data Owners encrypt starts..
1501281270436, Data Owners encrypt ends..
1501281270436, Proxy parallel aggregation start...
1501281270720, Proxy parallel aggregation end...
1501281270721, Data User decryption starts..
1501281270821, Data User decryption ends..
========================
1501281270821, Private Global PCA starts..
1501281272067, Private Global PCA ends..
------------------------
170
1501281272136, Data Owners encrypt starts..
1501281287793, Data Owners encrypt ends..
1501281287793, Proxy parallel aggregation start...
1501281288027, Proxy parallel aggregation end...
1501281288027, Data User decryption starts..
1501281288137, Data User decryption ends..
========================
1501281288137, Private Global PCA starts..
1501281289548, Private Global PCA ends..
------------------------
190
1501281289615, Data Owners encrypt starts..
1501281306419, Data Owners encrypt ends..
1501281306419, Proxy parallel aggregation start...
1501281306695, Proxy parallel aggregation end...
1501281306695, Data User decryption starts..
1501281306832, Data User decryption ends..
========================
1501281306832, Private Global PCA starts..
1501281308430, Private Global PCA ends..
------------------------
10
1501281308509, Data Owners encrypt starts..
1501281309492, Data Owners encrypt ends..
1501281309492, Proxy parallel aggregation start...
1501281309556, Proxy parallel aggregation end...
1501281309556, Data User decryption starts..
1501281309708, Data User decryption ends..
========================
1501281309709, Private Global PCA starts..
1501281309868, Private Global PCA ends..
------------------------
30
1501281309900, Data Owners encrypt starts..
1501281312864, Data Owners encrypt ends..
1501281312864, Proxy parallel aggregation start...
1501281312948, Proxy parallel aggregation end...
1501281312948, Data User decryption starts..
1501281313045, Data User decryption ends..
========================
1501281313045, Private Global PCA starts..
1501281313332, Private Global PCA ends..
------------------------
50
1501281313388, Data Owners encrypt starts..
1501281317842, Data Owners encrypt ends..
1501281317842, Proxy parallel aggregation start...
1501281317987, Proxy parallel aggregation end...
1501281317987, Data User decryption starts..
1501281318114, Data User decryption ends..
========================
1501281318114, Private Global PCA starts..
1501281318501, Private Global PCA ends..
------------------------
70
1501281318558, Data Owners encrypt starts..
1501281325006, Data Owners encrypt ends..
1501281325006, Proxy parallel aggregation start...
1501281325190, Proxy parallel aggregation end...
1501281325190, Data User decryption starts..
1501281325288, Data User decryption ends..
========================
1501281325288, Private Global PCA starts..
1501281325893, Private Global PCA ends..
------------------------
90
1501281325954, Data Owners encrypt starts..
1501281334633, Data Owners encrypt ends..
1501281334633, Proxy parallel aggregation start...
1501281334853, Proxy parallel aggregation end...
1501281334853, Data User decryption starts..
1501281334977, Data User decryption ends..
========================
1501281334977, Private Global PCA starts..
1501281335727, Private Global PCA ends..
------------------------
110
1501281335791, Data Owners encrypt starts..
1501281346664, Data Owners encrypt ends..
1501281346664, Proxy parallel aggregation start...
1501281346912, Proxy parallel aggregation end...
1501281346912, Data User decryption starts..
1501281347053, Data User decryption ends..
========================
1501281347053, Private Global PCA starts..
1501281347679, Private Global PCA ends..
------------------------
130
1501281347717, Data Owners encrypt starts..
1501281359870, Data Owners encrypt ends..
1501281359870, Proxy parallel aggregation start...
1501281360135, Proxy parallel aggregation end...
1501281360135, Data User decryption starts..
1501281360249, Data User decryption ends..
========================
1501281360249, Private Global PCA starts..
1501281361325, Private Global PCA ends..
------------------------
150
1501281361389, Data Owners encrypt starts..
1501281375724, Data Owners encrypt ends..
1501281375724, Proxy parallel aggregation start...
1501281375958, Proxy parallel aggregation end...
1501281375958, Data User decryption starts..
1501281376075, Data User decryption ends..
========================
1501281376075, Private Global PCA starts..
1501281377294, Private Global PCA ends..
------------------------
170
1501281377358, Data Owners encrypt starts..
1501281393021, Data Owners encrypt ends..
1501281393021, Proxy parallel aggregation start...
1501281393249, Proxy parallel aggregation end...
1501281393249, Data User decryption starts..
1501281393356, Data User decryption ends..
========================
1501281393356, Private Global PCA starts..
1501281394312, Private Global PCA ends..
------------------------
190
1501281394377, Data Owners encrypt starts..
1501281413182, Data Owners encrypt ends..
1501281413182, Proxy parallel aggregation start...
1501281413523, Proxy parallel aggregation end...
1501281413524, Data User decryption starts..
1501281413660, Data User decryption ends..
========================
1501281413660, Private Global PCA starts..
1501281415136, Private Global PCA ends..
------------------------
10, 269, 110
30, 333, 253
50, 356, 425
70, 382, 610
90, 437, 706
110, 457, 797
130, 435, 1039
150, 497, 1280
170, 506, 1256
190, 545, 1439
++++++++++++++++ madelon ++++++++++++++++++++
10
1501281415769, Data Owners encrypt starts..
1501281611048, Data Owners encrypt ends..
1501281611048, Proxy parallel aggregation start...
1501281613488, Proxy parallel aggregation end...
1501281613489, Data User decryption starts..
1501281634646, Data User decryption ends..
========================
1501281634651, Private Global PCA starts..
1501281642381, Private Global PCA ends..
------------------------
30
1501281643009, Data Owners encrypt starts..
1501282282240, Data Owners encrypt ends..
1501282282240, Proxy parallel aggregation start...
1501282289689, Proxy parallel aggregation end...
1501282289689, Data User decryption starts..
1501282312143, Data User decryption ends..
========================
1501282312148, Private Global PCA starts..
1501282333268, Private Global PCA ends..
------------------------
50
1501282333898, Data Owners encrypt starts..
1501283345261, Data Owners encrypt ends..
1501283345261, Proxy parallel aggregation start...
1501283353560, Proxy parallel aggregation end...
1501283353560, Data User decryption starts..
1501283375303, Data User decryption ends..
========================
1501283375308, Private Global PCA starts..
1501283410087, Private Global PCA ends..
------------------------
70
1501283410716, Data Owners encrypt starts..
1501284734427, Data Owners encrypt ends..
1501284734427, Proxy parallel aggregation start...
1501284743492, Proxy parallel aggregation end...
1501284743492, Data User decryption starts..
1501284764242, Data User decryption ends..
========================
1501284764247, Private Global PCA starts..
1501284812609, Private Global PCA ends..
------------------------
90
1501284813233, Data Owners encrypt starts..
1501286504894, Data Owners encrypt ends..
1501286504894, Proxy parallel aggregation start...
1501286519604, Proxy parallel aggregation end...
1501286519604, Data User decryption starts..
1501286539935, Data User decryption ends..
========================
1501286539940, Private Global PCA starts..
1501286601819, Private Global PCA ends..
------------------------
110
1501286602439, Data Owners encrypt starts..
1501288764846, Data Owners encrypt ends..
1501288764846, Proxy parallel aggregation start...
1501288781811, Proxy parallel aggregation end...
1501288781811, Data User decryption starts..
1501288802423, Data User decryption ends..
========================
1501288802428, Private Global PCA starts..
1501288878231, Private Global PCA ends..
------------------------
130
1501288878854, Data Owners encrypt starts..
1501291563066, Data Owners encrypt ends..
1501291563066, Proxy parallel aggregation start...
1501291586243, Proxy parallel aggregation end...
1501291586243, Data User decryption starts..
1501291608484, Data User decryption ends..
========================
1501291608489, Private Global PCA starts..
1501291697495, Private Global PCA ends..
------------------------
150
1501291698123, Data Owners encrypt starts..
1501294675594, Data Owners encrypt ends..
1501294675594, Proxy parallel aggregation start...
1501294694201, Proxy parallel aggregation end...
1501294694201, Data User decryption starts..
1501294715521, Data User decryption ends..
========================
1501294715526, Private Global PCA starts..
1501294818383, Private Global PCA ends..
------------------------
170
1501294819067, Data Owners encrypt starts..
1501298203927, Data Owners encrypt ends..
1501298203927, Proxy parallel aggregation start...
1501298224548, Proxy parallel aggregation end...
1501298224548, Data User decryption starts..
1501298246560, Data User decryption ends..
========================
1501298246565, Private Global PCA starts..
1501298363246, Private Global PCA ends..
------------------------
190
1501298363877, Data Owners encrypt starts..
1501301920012, Data Owners encrypt ends..
1501301920012, Proxy parallel aggregation start...
1501301955605, Proxy parallel aggregation end...
1501301955605, Data User decryption starts..
1501301975673, Data User decryption ends..
========================
1501301975678, Private Global PCA starts..
1501302106037, Private Global PCA ends..
------------------------
10
1501302106926, Data Owners encrypt starts..
1501302310592, Data Owners encrypt ends..
1501302310592, Proxy parallel aggregation start...
1501302313862, Proxy parallel aggregation end...
1501302313862, Data User decryption starts..
1501302335649, Data User decryption ends..
========================
1501302335653, Private Global PCA starts..
1501302343359, Private Global PCA ends..
------------------------
30
1501302343979, Data Owners encrypt starts..
1501302922040, Data Owners encrypt ends..
1501302922040, Proxy parallel aggregation start...
1501302927270, Proxy parallel aggregation end...
1501302927270, Data User decryption starts..
1501302948098, Data User decryption ends..
========================
1501302948103, Private Global PCA starts..
1501302969027, Private Global PCA ends..
------------------------
50
1501302969654, Data Owners encrypt starts..
1501303973151, Data Owners encrypt ends..
1501303973151, Proxy parallel aggregation start...
1501303980435, Proxy parallel aggregation end...
1501303980435, Data User decryption starts..
1501304003299, Data User decryption ends..
========================
1501304003304, Private Global PCA starts..
1501304038350, Private Global PCA ends..
------------------------
70
1501304038974, Data Owners encrypt starts..
1501305393652, Data Owners encrypt ends..
1501305393652, Proxy parallel aggregation start...
1501305409483, Proxy parallel aggregation end...
1501305409483, Data User decryption starts..
1501305430229, Data User decryption ends..
========================
1501305430234, Private Global PCA starts..
1501305478497, Private Global PCA ends..
------------------------
90
1501305479125, Data Owners encrypt starts..
1501307183518, Data Owners encrypt ends..
1501307183518, Proxy parallel aggregation start...
1501307201101, Proxy parallel aggregation end...
1501307201101, Data User decryption starts..
1501307222302, Data User decryption ends..
========================
1501307222307, Private Global PCA starts..
1501307284102, Private Global PCA ends..
------------------------
110
1501307284725, Data Owners encrypt starts..
1501309452462, Data Owners encrypt ends..
1501309452462, Proxy parallel aggregation start...
1501309471550, Proxy parallel aggregation end...
1501309471550, Data User decryption starts..
1501309491725, Data User decryption ends..
========================
1501309491729, Private Global PCA starts..
1501309567288, Private Global PCA ends..
------------------------
130
1501309567913, Data Owners encrypt starts..
1501312192550, Data Owners encrypt ends..
1501312192550, Proxy parallel aggregation start...
1501312213841, Proxy parallel aggregation end...
1501312213841, Data User decryption starts..
1501312235085, Data User decryption ends..
========================
1501312235090, Private Global PCA starts..
1501312324327, Private Global PCA ends..
------------------------
150
1501312324955, Data Owners encrypt starts..
1501315155717, Data Owners encrypt ends..
1501315155717, Proxy parallel aggregation start...
1501315188011, Proxy parallel aggregation end...
1501315188011, Data User decryption starts..
1501315208016, Data User decryption ends..
========================
1501315208021, Private Global PCA starts..
1501315310939, Private Global PCA ends..
------------------------
170
1501315311574, Data Owners encrypt starts..
1501318607707, Data Owners encrypt ends..
1501318607707, Proxy parallel aggregation start...
1501318639329, Proxy parallel aggregation end...
1501318639329, Data User decryption starts..
1501318660454, Data User decryption ends..
========================
1501318660459, Private Global PCA starts..
1501318776940, Private Global PCA ends..
------------------------
190
1501318777577, Data Owners encrypt starts..
1501322318096, Data Owners encrypt ends..
1501322318096, Proxy parallel aggregation start...
1501322346844, Proxy parallel aggregation end...
1501322346844, Data User decryption starts..
1501322366625, Data User decryption ends..
========================
1501322366630, Private Global PCA starts..
1501322496913, Private Global PCA ends..
------------------------
10
1501322497955, Data Owners encrypt starts..
1501322693690, Data Owners encrypt ends..
1501322693690, Proxy parallel aggregation start...
1501322696882, Proxy parallel aggregation end...
1501322696882, Data User decryption starts..
1501322717197, Data User decryption ends..
========================
1501322717202, Private Global PCA starts..
1501322724934, Private Global PCA ends..
------------------------
30
1501322725560, Data Owners encrypt starts..
1501323320479, Data Owners encrypt ends..
1501323320479, Proxy parallel aggregation start...
1501323327587, Proxy parallel aggregation end...
1501323327587, Data User decryption starts..
1501323348912, Data User decryption ends..
========================
1501323348917, Private Global PCA starts..
1501323369935, Private Global PCA ends..
------------------------
50
1501323370559, Data Owners encrypt starts..
1501324366953, Data Owners encrypt ends..
1501324366953, Proxy parallel aggregation start...
1501324374601, Proxy parallel aggregation end...
1501324374601, Data User decryption starts..
1501324396283, Data User decryption ends..
========================
1501324396288, Private Global PCA starts..
1501324431084, Private Global PCA ends..
------------------------
70
1501324431707, Data Owners encrypt starts..
1501325729255, Data Owners encrypt ends..
1501325729255, Proxy parallel aggregation start...
1501325738023, Proxy parallel aggregation end...
1501325738023, Data User decryption starts..
1501325758998, Data User decryption ends..
========================
1501325759002, Private Global PCA starts..
1501325807229, Private Global PCA ends..
------------------------
90
1501325807858, Data Owners encrypt starts..
1501327663524, Data Owners encrypt ends..
1501327663524, Proxy parallel aggregation start...
1501327675410, Proxy parallel aggregation end...
1501327675411, Data User decryption starts..
1501327697463, Data User decryption ends..
========================
1501327697467, Private Global PCA starts..
1501327759444, Private Global PCA ends..
------------------------
110
1501327760073, Data Owners encrypt starts..
1501329808197, Data Owners encrypt ends..
1501329808197, Proxy parallel aggregation start...
1501329821719, Proxy parallel aggregation end...
1501329821719, Data User decryption starts..
1501329841063, Data User decryption ends..
========================
1501329841067, Private Global PCA starts..
1501329916640, Private Global PCA ends..
------------------------
130
1501329917270, Data Owners encrypt starts..
1501332579100, Data Owners encrypt ends..
1501332579100, Proxy parallel aggregation start...
1501332607582, Proxy parallel aggregation end...
1501332607582, Data User decryption starts..
1501332629557, Data User decryption ends..
========================
1501332629562, Private Global PCA starts..
1501332718732, Private Global PCA ends..
------------------------
150
1501332719363, Data Owners encrypt starts..
1501335747864, Data Owners encrypt ends..
1501335747864, Proxy parallel aggregation start...
1501335766203, Proxy parallel aggregation end...
1501335766203, Data User decryption starts..
1501335787851, Data User decryption ends..
========================
1501335787855, Private Global PCA starts..
1501335891354, Private Global PCA ends..
------------------------
170
1501335891982, Data Owners encrypt starts..
1501339359019, Data Owners encrypt ends..
1501339359019, Proxy parallel aggregation start...
1501339389273, Proxy parallel aggregation end...
1501339389273, Data User decryption starts..
1501339410439, Data User decryption ends..
========================
1501339410444, Private Global PCA starts..
1501339527121, Private Global PCA ends..
------------------------
190
1501339527752, Data Owners encrypt starts..
1501343347572, Data Owners encrypt ends..
1501343347572, Proxy parallel aggregation start...
1501343370566, Proxy parallel aggregation end...
1501343370566, Data User decryption starts..
1501343392194, Data User decryption ends..
========================
1501343392199, Private Global PCA starts..
1501343522731, Private Global PCA ends..
------------------------
10
1501343523649, Data Owners encrypt starts..
1501343719818, Data Owners encrypt ends..
1501343719818, Proxy parallel aggregation start...
1501343723081, Proxy parallel aggregation end...
1501343723081, Data User decryption starts..
1501343745202, Data User decryption ends..
========================
1501343745207, Private Global PCA starts..
1501343752831, Private Global PCA ends..
------------------------
30
1501343753451, Data Owners encrypt starts..
1501344334937, Data Owners encrypt ends..
1501344334937, Proxy parallel aggregation start...
1501344341966, Proxy parallel aggregation end...
1501344341966, Data User decryption starts..
1501344362773, Data User decryption ends..
========================
1501344362777, Private Global PCA starts..
1501344383734, Private Global PCA ends..
------------------------
50
1501344384359, Data Owners encrypt starts..
1501345457524, Data Owners encrypt ends..
1501345457524, Proxy parallel aggregation start...
1501345469447, Proxy parallel aggregation end...
1501345469447, Data User decryption starts..
1501345492038, Data User decryption ends..
========================
1501345492042, Private Global PCA starts..
1501345526597, Private Global PCA ends..
------------------------
70
1501345527236, Data Owners encrypt starts..
1501346810863, Data Owners encrypt ends..
1501346810863, Proxy parallel aggregation start...
1501346824221, Proxy parallel aggregation end...
1501346824221, Data User decryption starts..
1501346845168, Data User decryption ends..
========================
1501346845172, Private Global PCA starts..
1501346893530, Private Global PCA ends..
------------------------
90
1501346894155, Data Owners encrypt starts..
1501348581847, Data Owners encrypt ends..
1501348581848, Proxy parallel aggregation start...
1501348595906, Proxy parallel aggregation end...
1501348595907, Data User decryption starts..
1501348615551, Data User decryption ends..
========================
1501348615556, Private Global PCA starts..
1501348677364, Private Global PCA ends..
------------------------
110
1501348678001, Data Owners encrypt starts..
1501350737979, Data Owners encrypt ends..
1501350737979, Proxy parallel aggregation start...
1501350752685, Proxy parallel aggregation end...
1501350752685, Data User decryption starts..
1501350773944, Data User decryption ends..
========================
1501350773949, Private Global PCA starts..
1501350849602, Private Global PCA ends..
------------------------
130
1501350850238, Data Owners encrypt starts..
1501353231509, Data Owners encrypt ends..
1501353231509, Proxy parallel aggregation start...
1501353254056, Proxy parallel aggregation end...
1501353254056, Data User decryption starts..
1501353275811, Data User decryption ends..
========================
1501353275816, Private Global PCA starts..
1501353387713, Private Global PCA ends..
------------------------
150
1501353388390, Data Owners encrypt starts..
1501356492188, Data Owners encrypt ends..
1501356492188, Proxy parallel aggregation start...
1501356514862, Proxy parallel aggregation end...
1501356514862, Data User decryption starts..
1501356536516, Data User decryption ends..
========================
1501356536521, Private Global PCA starts..
1501356672106, Private Global PCA ends..
------------------------
170
1501356672953, Data Owners encrypt starts..
1501360238805, Data Owners encrypt ends..
1501360238805, Proxy parallel aggregation start...
